[ 2017-08-26T09:49:44+08:00 ] ::1 /weibo/index
INFO: [ app_init ] --START--
INFO: Run Behavior\BuildLiteBehavior [ RunTime:0.000000s ]
INFO: [ app_init ] --END-- [ RunTime:0.075005s ]

[ 2017-08-26T09:49:45+08:00 ] ::1 /weibo/Login/index.html
INFO: [ app_init ] --START--
INFO: Run Behavior\BuildLiteBehavior [ RunTime:0.000000s ]
INFO: [ app_init ] --END-- [ RunTime:0.002000s ]

[ 2017-08-26T09:49:46+08:00 ] ::1 /weibo/index
INFO: [ app_init ] --START--
INFO: Run Behavior\BuildLiteBehavior [ RunTime:0.000000s ]
INFO: [ app_init ] --END-- [ RunTime:0.002000s ]

[ 2017-08-26T09:49:46+08:00 ] ::1 /weibo/Login/index.html
INFO: [ app_init ] --START--
INFO: Run Behavior\BuildLiteBehavior [ RunTime:0.000000s ]
INFO: [ app_init ] --END-- [ RunTime:0.002000s ]

[ 2017-08-26T09:49:47+08:00 ] ::1 /weibo/Login/verify.html
INFO: [ app_init ] --START--
INFO: Run Behavior\BuildLiteBehavior [ RunTime:0.000000s ]
INFO: [ app_init ] --END-- [ RunTime:0.002000s ]

[ 2017-08-26T09:49:52+08:00 ] ::1 /weibo/Login/verify.html?random=0.22537314523857566
INFO: [ app_init ] --START--
INFO: Run Behavior\BuildLiteBehavior [ RunTime:0.000000s ]
INFO: [ app_init ] --END-- [ RunTime:0.002000s ]

[ 2017-08-26T09:49:59+08:00 ] ::1 /weibo/Home/User/CheckVerify
INFO: [ app_init ] --START--
INFO: Run Behavior\BuildLiteBehavior [ RunTime:0.000000s ]
INFO: [ app_init ] --END-- [ RunTime:0.002000s ]
INFO: [ app_begin ] --START--
INFO: Run Behavior\ReadHtmlCacheBehavior [ RunTime:0.002000s ]
INFO: [ app_begin ] --END-- [ RunTime:0.002000s ]
NOTIC: [8] Use of undefined constant noemail - assumed 'noemail' D:\php\Apache24\htdocs\weibo\ThinkPHP\Common\functions.php 第 588 行.
NOTIC: [8] Use of undefined constant extend - assumed 'extend' D:\php\Apache24\htdocs\weibo\ThinkPHP\Common\functions.php 第 588 行.
SQL: SHOW COLUMNS FROM `weibo_user` [ RunTime:0.3400s ]
NOTIC: [8] Undefined index: validate D:\php\Apache24\htdocs\weibo\ThinkPHP\Library\Think\Model.class.php 第 1185 行.
NOTIC: [8] Undefined index: auto D:\php\Apache24\htdocs\weibo\ThinkPHP\Library\Think\Model.class.php 第 1128 行.
NOTIC: [2] sha1() expects at least 1 parameter, 0 given D:\php\Apache24\htdocs\weibo\ThinkPHP\Library\Think\Model.class.php 第 1154 行.
INFO: [ app_end ] --START--
INFO: Run Behavior\ShowPageTraceBehavior [ RunTime:0.001000s ]
INFO: [ app_end ] --END-- [ RunTime:0.003000s ]

[ 2017-08-26T09:50:01+08:00 ] ::1 /weibo/Home/User/CheckLogin
INFO: [ app_init ] --START--
INFO: Run Behavior\BuildLiteBehavior [ RunTime:0.000000s ]
INFO: [ app_init ] --END-- [ RunTime:0.002001s ]
INFO: [ app_begin ] --START--
INFO: Run Behavior\ReadHtmlCacheBehavior [ RunTime:0.002000s ]
INFO: [ app_begin ] --END-- [ RunTime:0.002000s ]
NOTIC: [8] Use of undefined constant noemail - assumed 'noemail' D:\php\Apache24\htdocs\weibo\ThinkPHP\Common\functions.php 第 588 行.
NOTIC: [8] Use of undefined constant extend - assumed 'extend' D:\php\Apache24\htdocs\weibo\ThinkPHP\Common\functions.php 第 588 行.
SQL: SHOW COLUMNS FROM `weibo_user` [ RunTime:0.0120s ]
NOTIC: [8] Undefined index: validate D:\php\Apache24\htdocs\weibo\ThinkPHP\Library\Think\Model.class.php 第 1185 行.
SQL: SELECT `id`,`password`,`user`,`face` FROM `weibo_user` WHERE `user` = 'root' LIMIT 1   [ RunTime:0.0590s ]
SQL: UPDATE `weibo_user` SET `last_time`='1503712199',`last_ip`='0' WHERE `id` = '16' [ RunTime:0.0440s ]
INFO: [ app_end ] --START--
INFO: Run Behavior\ShowPageTraceBehavior [ RunTime:0.002000s ]
INFO: [ app_end ] --END-- [ RunTime:0.003000s ]

[ 2017-08-26T09:50:04+08:00 ] ::1 /weibo/Index/index.html
INFO: [ app_init ] --START--
INFO: Run Behavior\BuildLiteBehavior [ RunTime:0.000000s ]
INFO: [ app_init ] --END-- [ RunTime:0.002000s ]

[ 2017-08-26T09:50:04+08:00 ] ::1 /weibo/Uploads/2017-08-15/180_59925004e0138.png
INFO: [ app_init ] --START--
INFO: Run Behavior\BuildLiteBehavior [ RunTime:0.000000s ]
INFO: [ app_init ] --END-- [ RunTime:0.002000s ]

[ 2017-08-26T09:50:06+08:00 ] ::1 /weibo/Home/Space/setUrl
INFO: [ app_init ] --START--
INFO: Run Behavior\BuildLiteBehavior [ RunTime:0.000000s ]
INFO: [ app_init ] --END-- [ RunTime:0.002000s ]
INFO: [ app_begin ] --START--
INFO: Run Behavior\ReadHtmlCacheBehavior [ RunTime:0.004000s ]
INFO: [ app_begin ] --END-- [ RunTime:0.005000s ]
NOTIC: [8] Use of undefined constant noemail - assumed 'noemail' D:\php\Apache24\htdocs\weibo\ThinkPHP\Common\functions.php 第 588 行.
NOTIC: [8] Use of undefined constant extend - assumed 'extend' D:\php\Apache24\htdocs\weibo\ThinkPHP\Common\functions.php 第 588 行.
SQL: SHOW COLUMNS FROM `weibo_user` [ RunTime:0.0310s ]
SQL: SELECT `id`,`domin` FROM `weibo_user` WHERE `user` = 'root' LIMIT 1   [ RunTime:0.0010s ]
INFO: [ app_end ] --START--
INFO: Run Behavior\ShowPageTraceBehavior [ RunTime:0.002001s ]
INFO: [ app_end ] --END-- [ RunTime:0.003001s ]

[ 2017-08-26T09:50:07+08:00 ] ::1 /weibo/Home/Topic/ajaxCount
INFO: [ app_init ] --START--
INFO: Run Behavior\BuildLiteBehavior [ RunTime:0.000000s ]
INFO: [ app_init ] --END-- [ RunTime:0.002000s ]
INFO: [ app_begin ] --START--
INFO: Run Behavior\ReadHtmlCacheBehavior [ RunTime:0.002000s ]
INFO: [ app_begin ] --END-- [ RunTime:0.002000s ]
SQL: SHOW COLUMNS FROM `weibo_topic` [ RunTime:0.0120s ]
SQL: SELECT COUNT(*) AS tp_count FROM `weibo_topic` WHERE ( 1=1 ) LIMIT 1   [ RunTime:0.0240s ]
INFO: [ app_end ] --START--
INFO: Run Behavior\ShowPageTraceBehavior [ RunTime:0.003000s ]
INFO: [ app_end ] --END-- [ RunTime:0.004000s ]

[ 2017-08-26T09:50:08+08:00 ] ::1 /weibo/Home/Space/setUrl
INFO: [ app_init ] --START--
INFO: Run Behavior\BuildLiteBehavior [ RunTime:0.000000s ]
INFO: [ app_init ] --END-- [ RunTime:0.002000s ]
INFO: [ app_begin ] --START--
INFO: Run Behavior\ReadHtmlCacheBehavior [ RunTime:0.002000s ]
INFO: [ app_begin ] --END-- [ RunTime:0.002000s ]
NOTIC: [8] Use of undefined constant noemail - assumed 'noemail' D:\php\Apache24\htdocs\weibo\ThinkPHP\Common\functions.php 第 588 行.
NOTIC: [8] Use of undefined constant extend - assumed 'extend' D:\php\Apache24\htdocs\weibo\ThinkPHP\Common\functions.php 第 588 行.
SQL: SHOW COLUMNS FROM `weibo_user` [ RunTime:0.0110s ]
SQL: SELECT `id`,`domin` FROM `weibo_user` WHERE `user` = 'root' LIMIT 1   [ RunTime:0.0010s ]
INFO: [ app_end ] --START--
INFO: Run Behavior\ShowPageTraceBehavior [ RunTime:0.002000s ]
INFO: [ app_end ] --END-- [ RunTime:0.003000s ]

[ 2017-08-26T09:50:10+08:00 ] ::1 /weibo/Home/Space/setUrl
INFO: [ app_init ] --START--
INFO: Run Behavior\BuildLiteBehavior [ RunTime:0.000000s ]
INFO: [ app_init ] --END-- [ RunTime:0.002000s ]
INFO: [ app_begin ] --START--
INFO: Run Behavior\ReadHtmlCacheBehavior [ RunTime:0.002001s ]
INFO: [ app_begin ] --END-- [ RunTime:0.002001s ]
NOTIC: [8] Use of undefined constant noemail - assumed 'noemail' D:\php\Apache24\htdocs\weibo\ThinkPHP\Common\functions.php 第 588 行.
NOTIC: [8] Use of undefined constant extend - assumed 'extend' D:\php\Apache24\htdocs\weibo\ThinkPHP\Common\functions.php 第 588 行.
SQL: SHOW COLUMNS FROM `weibo_user` [ RunTime:0.0190s ]
SQL: SELECT `id`,`domin` FROM `weibo_user` WHERE `user` = 'root' LIMIT 1   [ RunTime:0.0010s ]
INFO: [ app_end ] --START--
INFO: Run Behavior\ShowPageTraceBehavior [ RunTime:0.002000s ]
INFO: [ app_end ] --END-- [ RunTime:0.002000s ]

[ 2017-08-26T09:50:56+08:00 ] ::1 /weibo/Home/Topic/Publish
INFO: [ app_init ] --START--
INFO: Run Behavior\BuildLiteBehavior [ RunTime:0.000000s ]
INFO: [ app_init ] --END-- [ RunTime:0.002001s ]
INFO: [ app_begin ] --START--
INFO: Run Behavior\ReadHtmlCacheBehavior [ RunTime:0.002001s ]
INFO: [ app_begin ] --END-- [ RunTime:0.002001s ]
SQL: SHOW COLUMNS FROM `weibo_topic` [ RunTime:0.0110s ]

[ 2017-08-26T09:51:41+08:00 ] ::1 /weibo/Index/index.html
INFO: [ app_init ] --START--
INFO: Run Behavior\BuildLiteBehavior [ RunTime:0.000000s ]
INFO: [ app_init ] --END-- [ RunTime:0.002001s ]

[ 2017-08-26T09:51:52+08:00 ] ::1 /weibo/Index/index.html
INFO: [ app_init ] --START--
INFO: Run Behavior\BuildLiteBehavior [ RunTime:0.000000s ]
INFO: [ app_init ] --END-- [ RunTime:0.002000s ]

[ 2017-08-26T09:51:52+08:00 ] ::1 /weibo/Uploads/2017-08-15/180_59925004e0138.png
INFO: [ app_init ] --START--
INFO: Run Behavior\BuildLiteBehavior [ RunTime:0.000000s ]
INFO: [ app_init ] --END-- [ RunTime:0.004001s ]

[ 2017-08-26T09:51:52+08:00 ] ::1 /weibo/Uploads/2017-08-15/180_59924fdfd686a.jpg
INFO: [ app_init ] --START--
INFO: Run Behavior\BuildLiteBehavior [ RunTime:0.001000s ]
INFO: [ app_init ] --END-- [ RunTime:0.002000s ]

[ 2017-08-26T09:51:52+08:00 ] ::1 /weibo/Uploads/2017-08-15/180_59924fe0e6e5f.jpg
INFO: [ app_init ] --START--
INFO: Run Behavior\BuildLiteBehavior [ RunTime:0.000000s ]
INFO: [ app_init ] --END-- [ RunTime:0.001000s ]

[ 2017-08-26T09:51:52+08:00 ] ::1 /weibo/Uploads/2017-08-15/550_59924fdfd686a.jpg
INFO: [ app_init ] --START--
INFO: Run Behavior\BuildLiteBehavior [ RunTime:0.000000s ]
INFO: [ app_init ] --END-- [ RunTime:0.003000s ]

[ 2017-08-26T09:51:52+08:00 ] ::1 /weibo/Uploads/2017-08-15/550_59924fe0e6e5f.jpg
INFO: [ app_init ] --START--
INFO: Run Behavior\BuildLiteBehavior [ RunTime:0.000000s ]
INFO: [ app_init ] --END-- [ RunTime:0.002000s ]

[ 2017-08-26T09:51:52+08:00 ] ::1 /weibo/Uploads/2017-08-15/180_59925004e0138.png
INFO: [ app_init ] --START--
INFO: Run Behavior\BuildLiteBehavior [ RunTime:0.000000s ]
INFO: [ app_init ] --END-- [ RunTime:0.003000s ]

[ 2017-08-26T09:51:52+08:00 ] ::1 /weibo/Uploads/2017-08-15/180_59924fdfd686a.jpg
INFO: [ app_init ] --START--
INFO: Run Behavior\BuildLiteBehavior [ RunTime:0.000000s ]
INFO: [ app_init ] --END-- [ RunTime:0.003000s ]

[ 2017-08-26T09:51:52+08:00 ] ::1 /weibo/Uploads/2017-08-15/180_59924fe0e6e5f.jpg
INFO: [ app_init ] --START--
INFO: Run Behavior\BuildLiteBehavior [ RunTime:0.000000s ]
INFO: [ app_init ] --END-- [ RunTime:0.003001s ]

[ 2017-08-26T09:51:54+08:00 ] ::1 /weibo/Home/Topic/ajaxCount
INFO: [ app_init ] --START--
INFO: Run Behavior\BuildLiteBehavior [ RunTime:0.000000s ]
INFO: [ app_init ] --END-- [ RunTime:0.002000s ]
INFO: [ app_begin ] --START--
INFO: Run Behavior\ReadHtmlCacheBehavior [ RunTime:0.002000s ]
INFO: [ app_begin ] --END-- [ RunTime:0.004001s ]
SQL: SHOW COLUMNS FROM `weibo_topic` [ RunTime:0.0120s ]
SQL: SELECT COUNT(*) AS tp_count FROM `weibo_topic` WHERE ( 1=1 ) LIMIT 1   [ RunTime:0.0010s ]
INFO: [ app_end ] --START--
INFO: Run Behavior\ShowPageTraceBehavior [ RunTime:0.002000s ]
INFO: [ app_end ] --END-- [ RunTime:0.003000s ]

[ 2017-08-26T09:51:55+08:00 ] ::1 /weibo/Home/Space/setUrl
INFO: [ app_init ] --START--
INFO: Run Behavior\BuildLiteBehavior [ RunTime:0.000000s ]
INFO: [ app_init ] --END-- [ RunTime:0.002000s ]
INFO: [ app_begin ] --START--
INFO: Run Behavior\ReadHtmlCacheBehavior [ RunTime:0.002000s ]
INFO: [ app_begin ] --END-- [ RunTime:0.003000s ]
NOTIC: [8] Use of undefined constant noemail - assumed 'noemail' D:\php\Apache24\htdocs\weibo\ThinkPHP\Common\functions.php 第 588 行.
NOTIC: [8] Use of undefined constant extend - assumed 'extend' D:\php\Apache24\htdocs\weibo\ThinkPHP\Common\functions.php 第 588 行.
SQL: SHOW COLUMNS FROM `weibo_user` [ RunTime:0.0130s ]
SQL: SELECT `id`,`domin` FROM `weibo_user` WHERE `user` = 'root' LIMIT 1   [ RunTime:0.0010s ]
INFO: [ app_end ] --START--
INFO: Run Behavior\ShowPageTraceBehavior [ RunTime:0.002000s ]
INFO: [ app_end ] --END-- [ RunTime:0.004000s ]

[ 2017-08-26T09:52:07+08:00 ] ::1 /weibo/Home/Topic/Publish
INFO: [ app_init ] --START--
INFO: Run Behavior\BuildLiteBehavior [ RunTime:0.000000s ]
INFO: [ app_init ] --END-- [ RunTime:0.102006s ]
INFO: [ app_begin ] --START--
INFO: Run Behavior\ReadHtmlCacheBehavior [ RunTime:0.002000s ]
INFO: [ app_begin ] --END-- [ RunTime:0.003001s ]
SQL: SHOW COLUMNS FROM `weibo_topic` [ RunTime:0.0120s ]

[ 2017-08-26T09:54:02+08:00 ] ::1 /weibo/Home/Topic/Publish
INFO: [ app_init ] --START--
INFO: Run Behavior\BuildLiteBehavior [ RunTime:0.001000s ]
INFO: [ app_init ] --END-- [ RunTime:0.002000s ]
INFO: [ app_begin ] --START--
INFO: Run Behavior\ReadHtmlCacheBehavior [ RunTime:0.002000s ]
INFO: [ app_begin ] --END-- [ RunTime:0.003000s ]
SQL: SHOW COLUMNS FROM `weibo_topic` [ RunTime:0.0070s ]
NOTIC: [8] Array to string conversion D:\php\Apache24\htdocs\weibo\App\Home\Model\TopicModel.class.php 第 70 行.

[ 2017-08-26T09:54:08+08:00 ] ::1 /weibo/Index/index.html
INFO: [ app_init ] --START--
INFO: Run Behavior\BuildLiteBehavior [ RunTime:0.000000s ]
INFO: [ app_init ] --END-- [ RunTime:0.002000s ]

[ 2017-08-26T09:54:08+08:00 ] ::1 /weibo/Uploads/2017-08-15/180_59925004e0138.png
INFO: [ app_init ] --START--
INFO: Run Behavior\BuildLiteBehavior [ RunTime:0.000000s ]
INFO: [ app_init ] --END-- [ RunTime:0.002000s ]

[ 2017-08-26T09:54:08+08:00 ] ::1 /weibo/Uploads/2017-08-15/180_59924fdfd686a.jpg
INFO: [ app_init ] --START--
INFO: Run Behavior\BuildLiteBehavior [ RunTime:0.001000s ]
INFO: [ app_init ] --END-- [ RunTime:0.004000s ]

[ 2017-08-26T09:54:08+08:00 ] ::1 /weibo/Uploads/2017-08-15/180_59924fe0e6e5f.jpg
INFO: [ app_init ] --START--
INFO: Run Behavior\BuildLiteBehavior [ RunTime:0.000000s ]
INFO: [ app_init ] --END-- [ RunTime:0.002000s ]

[ 2017-08-26T09:54:08+08:00 ] ::1 /weibo/Uploads/2017-08-15/550_59924fdfd686a.jpg
INFO: [ app_init ] --START--
INFO: Run Behavior\BuildLiteBehavior [ RunTime:0.000000s ]
INFO: [ app_init ] --END-- [ RunTime:0.002000s ]

[ 2017-08-26T09:54:08+08:00 ] ::1 /weibo/Uploads/2017-08-15/550_59924fe0e6e5f.jpg
INFO: [ app_init ] --START--
INFO: Run Behavior\BuildLiteBehavior [ RunTime:0.001000s ]
INFO: [ app_init ] --END-- [ RunTime:0.002000s ]

[ 2017-08-26T09:54:08+08:00 ] ::1 /weibo/Uploads/2017-08-15/180_59925004e0138.png
INFO: [ app_init ] --START--
INFO: Run Behavior\BuildLiteBehavior [ RunTime:0.000000s ]
INFO: [ app_init ] --END-- [ RunTime:0.002000s ]

[ 2017-08-26T09:54:08+08:00 ] ::1 /weibo/Uploads/2017-08-15/180_59924fdfd686a.jpg
INFO: [ app_init ] --START--
INFO: Run Behavior\BuildLiteBehavior [ RunTime:0.001000s ]
INFO: [ app_init ] --END-- [ RunTime:0.002000s ]

[ 2017-08-26T09:54:08+08:00 ] ::1 /weibo/Uploads/2017-08-15/180_59924fe0e6e5f.jpg
INFO: [ app_init ] --START--
INFO: Run Behavior\BuildLiteBehavior [ RunTime:0.000000s ]
INFO: [ app_init ] --END-- [ RunTime:0.002000s ]

[ 2017-08-26T09:54:08+08:00 ] ::1 /weibo/Uploads/2017-08-15/550_59924fe0e6e5f.jpg
INFO: [ app_init ] --START--
INFO: Run Behavior\BuildLiteBehavior [ RunTime:0.000000s ]
INFO: [ app_init ] --END-- [ RunTime:0.002000s ]

[ 2017-08-26T09:54:08+08:00 ] ::1 /weibo/Uploads/2017-08-15/550_59924fdfd686a.jpg
INFO: [ app_init ] --START--
INFO: Run Behavior\BuildLiteBehavior [ RunTime:0.000000s ]
INFO: [ app_init ] --END-- [ RunTime:0.001000s ]

[ 2017-08-26T09:54:09+08:00 ] ::1 /weibo/Home/Topic/ajaxCount
INFO: [ app_init ] --START--
INFO: Run Behavior\BuildLiteBehavior [ RunTime:0.000000s ]
INFO: [ app_init ] --END-- [ RunTime:0.001000s ]
INFO: [ app_begin ] --START--
INFO: Run Behavior\ReadHtmlCacheBehavior [ RunTime:0.002000s ]
INFO: [ app_begin ] --END-- [ RunTime:0.002000s ]
SQL: SHOW COLUMNS FROM `weibo_topic` [ RunTime:0.0160s ]
SQL: SELECT COUNT(*) AS tp_count FROM `weibo_topic` WHERE ( 1=1 ) LIMIT 1   [ RunTime:0.0010s ]
INFO: [ app_end ] --START--
INFO: Run Behavior\ShowPageTraceBehavior [ RunTime:0.004001s ]
INFO: [ app_end ] --END-- [ RunTime:0.006001s ]

[ 2017-08-26T09:54:11+08:00 ] ::1 /weibo/Home/Space/setUrl
INFO: [ app_init ] --START--
INFO: Run Behavior\BuildLiteBehavior [ RunTime:0.001000s ]
INFO: [ app_init ] --END-- [ RunTime:0.002000s ]
INFO: [ app_begin ] --START--
INFO: Run Behavior\ReadHtmlCacheBehavior [ RunTime:0.001001s ]
INFO: [ app_begin ] --END-- [ RunTime:0.006001s ]
NOTIC: [8] Use of undefined constant noemail - assumed 'noemail' D:\php\Apache24\htdocs\weibo\ThinkPHP\Common\functions.php 第 588 行.
NOTIC: [8] Use of undefined constant extend - assumed 'extend' D:\php\Apache24\htdocs\weibo\ThinkPHP\Common\functions.php 第 588 行.
SQL: SHOW COLUMNS FROM `weibo_user` [ RunTime:0.0140s ]
SQL: SELECT `id`,`domin` FROM `weibo_user` WHERE `user` = 'root' LIMIT 1   [ RunTime:0.0010s ]
INFO: [ app_end ] --START--
INFO: Run Behavior\ShowPageTraceBehavior [ RunTime:0.004001s ]
INFO: [ app_end ] --END-- [ RunTime:0.004001s ]

[ 2017-08-26T09:54:23+08:00 ] ::1 /weibo/Home/Topic/Publish
INFO: [ app_init ] --START--
INFO: Run Behavior\BuildLiteBehavior [ RunTime:0.000000s ]
INFO: [ app_init ] --END-- [ RunTime:0.002000s ]
INFO: [ app_begin ] --START--
INFO: Run Behavior\ReadHtmlCacheBehavior [ RunTime:0.003001s ]
INFO: [ app_begin ] --END-- [ RunTime:0.003001s ]
SQL: SHOW COLUMNS FROM `weibo_topic` [ RunTime:0.0140s ]
NOTIC: [8] Array to string conversion D:\php\Apache24\htdocs\weibo\App\Home\Model\TopicModel.class.php 第 70 行.

[ 2017-08-26T09:58:31+08:00 ] ::1 /weibo/Home/Topic/Publish
INFO: [ app_init ] --START--
INFO: Run Behavior\BuildLiteBehavior [ RunTime:0.000000s ]
INFO: [ app_init ] --END-- [ RunTime:0.002000s ]
INFO: [ app_begin ] --START--
INFO: Run Behavior\ReadHtmlCacheBehavior [ RunTime:0.002000s ]
INFO: [ app_begin ] --END-- [ RunTime:0.003000s ]
SQL: SHOW COLUMNS FROM `weibo_topic` [ RunTime:0.0100s ]
NOTIC: [8] Use of undefined constant noemail - assumed 'noemail' D:\php\Apache24\htdocs\weibo\ThinkPHP\Common\functions.php 第 588 行.
NOTIC: [8] Use of undefined constant extend - assumed 'extend' D:\php\Apache24\htdocs\weibo\ThinkPHP\Common\functions.php 第 588 行.
SQL: SHOW COLUMNS FROM `weibo_user` [ RunTime:0.0110s ]
SQL: SELECT `id`,`domin` FROM `weibo_user` WHERE `user` = 'haha ' LIMIT 1   [ RunTime:0.0010s ]
SQL: SELECT `id`,`domin` FROM `weibo_user` WHERE `user` = '哈哈 ' LIMIT 1   [ RunTime:0.0020s ]

[ 2017-08-26T09:58:36+08:00 ] ::1 /weibo/Index/index.html
INFO: [ app_init ] --START--
INFO: Run Behavior\BuildLiteBehavior [ RunTime:0.001000s ]
INFO: [ app_init ] --END-- [ RunTime:0.002000s ]

[ 2017-08-26T09:58:36+08:00 ] ::1 /weibo/Uploads/2017-08-15/180_59925004e0138.png
INFO: [ app_init ] --START--
INFO: Run Behavior\BuildLiteBehavior [ RunTime:0.005000s ]
INFO: [ app_init ] --END-- [ RunTime:0.009001s ]

[ 2017-08-26T09:58:36+08:00 ] ::1 /weibo/Uploads/2017-08-15/180_59924fdfd686a.jpg
INFO: [ app_init ] --START--
INFO: Run Behavior\BuildLiteBehavior [ RunTime:0.000000s ]
INFO: [ app_init ] --END-- [ RunTime:0.003000s ]

[ 2017-08-26T09:58:36+08:00 ] ::1 /weibo/Uploads/2017-08-15/180_59924fe0e6e5f.jpg
INFO: [ app_init ] --START--
INFO: Run Behavior\BuildLiteBehavior [ RunTime:0.000000s ]
INFO: [ app_init ] --END-- [ RunTime:0.003000s ]

[ 2017-08-26T09:58:36+08:00 ] ::1 /weibo/Uploads/2017-08-15/550_59924fdfd686a.jpg
INFO: [ app_init ] --START--
INFO: Run Behavior\BuildLiteBehavior [ RunTime:0.000000s ]
INFO: [ app_init ] --END-- [ RunTime:0.002000s ]

[ 2017-08-26T09:58:36+08:00 ] ::1 /weibo/Uploads/2017-08-15/550_59924fe0e6e5f.jpg
INFO: [ app_init ] --START--
INFO: Run Behavior\BuildLiteBehavior [ RunTime:0.000000s ]
INFO: [ app_init ] --END-- [ RunTime:0.003000s ]

[ 2017-08-26T09:58:36+08:00 ] ::1 /weibo/Uploads/2017-08-15/180_59924fdfd686a.jpg
INFO: [ app_init ] --START--
INFO: Run Behavior\BuildLiteBehavior [ RunTime:0.000000s ]
INFO: [ app_init ] --END-- [ RunTime:0.003000s ]

[ 2017-08-26T09:58:36+08:00 ] ::1 /weibo/Uploads/2017-08-15/550_59924fdfd686a.jpg
INFO: [ app_init ] --START--
INFO: Run Behavior\BuildLiteBehavior [ RunTime:0.000000s ]
INFO: [ app_init ] --END-- [ RunTime:0.003000s ]

[ 2017-08-26T09:58:36+08:00 ] ::1 /weibo/Uploads/2017-08-15/180_59925004e0138.png
INFO: [ app_init ] --START--
INFO: Run Behavior\BuildLiteBehavior [ RunTime:0.000000s ]
INFO: [ app_init ] --END-- [ RunTime:0.052002s ]

[ 2017-08-26T09:58:36+08:00 ] ::1 /weibo/Uploads/2017-08-15/180_59924fe0e6e5f.jpg
INFO: [ app_init ] --START--
INFO: Run Behavior\BuildLiteBehavior [ RunTime:0.000000s ]
INFO: [ app_init ] --END-- [ RunTime:0.003000s ]

[ 2017-08-26T09:58:38+08:00 ] ::1 /weibo/Home/Space/setUrl
INFO: [ app_init ] --START--
INFO: Run Behavior\BuildLiteBehavior [ RunTime:0.000000s ]
INFO: [ app_init ] --END-- [ RunTime:0.002000s ]
INFO: [ app_begin ] --START--
INFO: Run Behavior\ReadHtmlCacheBehavior [ RunTime:0.003000s ]
INFO: [ app_begin ] --END-- [ RunTime:0.005000s ]
NOTIC: [8] Use of undefined constant noemail - assumed 'noemail' D:\php\Apache24\htdocs\weibo\ThinkPHP\Common\functions.php 第 588 行.
NOTIC: [8] Use of undefined constant extend - assumed 'extend' D:\php\Apache24\htdocs\weibo\ThinkPHP\Common\functions.php 第 588 行.
SQL: SHOW COLUMNS FROM `weibo_user` [ RunTime:0.0150s ]
SQL: SELECT `id`,`domin` FROM `weibo_user` WHERE `user` = 'root' LIMIT 1   [ RunTime:0.0010s ]
INFO: [ app_end ] --START--
INFO: Run Behavior\ShowPageTraceBehavior [ RunTime:0.003001s ]
INFO: [ app_end ] --END-- [ RunTime:0.005001s ]

[ 2017-08-26T09:58:39+08:00 ] ::1 /weibo/Home/Topic/ajaxCount
INFO: [ app_init ] --START--
INFO: Run Behavior\BuildLiteBehavior [ RunTime:0.001000s ]
INFO: [ app_init ] --END-- [ RunTime:0.002000s ]
INFO: [ app_begin ] --START--
INFO: Run Behavior\ReadHtmlCacheBehavior [ RunTime:0.003001s ]
INFO: [ app_begin ] --END-- [ RunTime:0.003001s ]
SQL: SHOW COLUMNS FROM `weibo_topic` [ RunTime:0.0130s ]
SQL: SELECT COUNT(*) AS tp_count FROM `weibo_topic` WHERE ( 1=1 ) LIMIT 1   [ RunTime:0.0010s ]
INFO: [ app_end ] --START--
INFO: Run Behavior\ShowPageTraceBehavior [ RunTime:0.003000s ]
INFO: [ app_end ] --END-- [ RunTime:0.004000s ]

[ 2017-08-26T09:58:51+08:00 ] ::1 /weibo/Home/Topic/Publish
INFO: [ app_init ] --START--
INFO: Run Behavior\BuildLiteBehavior [ RunTime:0.000000s ]
INFO: [ app_init ] --END-- [ RunTime:0.002000s ]
INFO: [ app_begin ] --START--
INFO: Run Behavior\ReadHtmlCacheBehavior [ RunTime:0.002000s ]
INFO: [ app_begin ] --END-- [ RunTime:0.002000s ]
SQL: SHOW COLUMNS FROM `weibo_topic` [ RunTime:0.0120s ]
NOTIC: [8] Use of undefined constant noemail - assumed 'noemail' D:\php\Apache24\htdocs\weibo\ThinkPHP\Common\functions.php 第 588 行.
NOTIC: [8] Use of undefined constant extend - assumed 'extend' D:\php\Apache24\htdocs\weibo\ThinkPHP\Common\functions.php 第 588 行.
SQL: SHOW COLUMNS FROM `weibo_user` [ RunTime:0.0110s ]
SQL: SELECT `id`,`domin` FROM `weibo_user` WHERE `user` = '哈哈 ' LIMIT 1   [ RunTime:0.0010s ]
SQL: SELECT `id`,`domin` FROM `weibo_user` WHERE `user` = 'h ' LIMIT 1   [ RunTime:0.0010s ]

[ 2017-08-26T10:09:59+08:00 ] ::1 /weibo/Index/index.html
INFO: [ app_init ] --START--
INFO: Run Behavior\BuildLiteBehavior [ RunTime:0.001000s ]
INFO: [ app_init ] --END-- [ RunTime:0.002000s ]

[ 2017-08-26T10:09:59+08:00 ] ::1 /weibo/Uploads/2017-08-15/180_59925004e0138.png
INFO: [ app_init ] --START--
INFO: Run Behavior\BuildLiteBehavior [ RunTime:0.000000s ]
INFO: [ app_init ] --END-- [ RunTime:0.003000s ]

[ 2017-08-26T10:09:59+08:00 ] ::1 /weibo/Uploads/2017-08-15/180_59924fdfd686a.jpg
INFO: [ app_init ] --START--
INFO: Run Behavior\BuildLiteBehavior [ RunTime:0.000000s ]
INFO: [ app_init ] --END-- [ RunTime:0.003000s ]

[ 2017-08-26T10:09:59+08:00 ] ::1 /weibo/Uploads/2017-08-15/180_59924fe0e6e5f.jpg
INFO: [ app_init ] --START--
INFO: Run Behavior\BuildLiteBehavior [ RunTime:0.000000s ]
INFO: [ app_init ] --END-- [ RunTime:0.003000s ]

[ 2017-08-26T10:09:59+08:00 ] ::1 /weibo/Uploads/2017-08-15/550_59924fdfd686a.jpg
INFO: [ app_init ] --START--
INFO: Run Behavior\BuildLiteBehavior [ RunTime:0.000000s ]
INFO: [ app_init ] --END-- [ RunTime:0.001000s ]

[ 2017-08-26T10:09:59+08:00 ] ::1 /weibo/Uploads/2017-08-15/550_59924fe0e6e5f.jpg
INFO: [ app_init ] --START--
INFO: Run Behavior\BuildLiteBehavior [ RunTime:0.001000s ]
INFO: [ app_init ] --END-- [ RunTime:0.002000s ]

[ 2017-08-26T10:09:59+08:00 ] ::1 /weibo/Uploads/2017-08-15/180_59925004e0138.png
INFO: [ app_init ] --START--
INFO: Run Behavior\BuildLiteBehavior [ RunTime:0.000000s ]
INFO: [ app_init ] --END-- [ RunTime:0.014001s ]

[ 2017-08-26T10:09:59+08:00 ] ::1 /weibo/Uploads/2017-08-15/180_59924fdfd686a.jpg
INFO: [ app_init ] --START--
INFO: Run Behavior\BuildLiteBehavior [ RunTime:0.000000s ]
INFO: [ app_init ] --END-- [ RunTime:0.004000s ]

[ 2017-08-26T10:09:59+08:00 ] ::1 /weibo/Uploads/2017-08-15/550_59924fdfd686a.jpg
INFO: [ app_init ] --START--
INFO: Run Behavior\BuildLiteBehavior [ RunTime:0.001000s ]
INFO: [ app_init ] --END-- [ RunTime:0.002000s ]

[ 2017-08-26T10:09:59+08:00 ] ::1 /weibo/Uploads/2017-08-15/550_59924fe0e6e5f.jpg
INFO: [ app_init ] --START--
INFO: Run Behavior\BuildLiteBehavior [ RunTime:0.000000s ]
INFO: [ app_init ] --END-- [ RunTime:0.003000s ]

[ 2017-08-26T10:09:59+08:00 ] ::1 /weibo/Uploads/2017-08-15/180_59924fe0e6e5f.jpg
INFO: [ app_init ] --START--
INFO: Run Behavior\BuildLiteBehavior [ RunTime:0.000000s ]
INFO: [ app_init ] --END-- [ RunTime:0.005001s ]

[ 2017-08-26T10:10:01+08:00 ] ::1 /weibo/Home/Space/setUrl
INFO: [ app_init ] --START--
INFO: Run Behavior\BuildLiteBehavior [ RunTime:0.000000s ]
INFO: [ app_init ] --END-- [ RunTime:0.002000s ]
INFO: [ app_begin ] --START--
INFO: Run Behavior\ReadHtmlCacheBehavior [ RunTime:0.003000s ]
INFO: [ app_begin ] --END-- [ RunTime:0.003000s ]
NOTIC: [8] Use of undefined constant noemail - assumed 'noemail' D:\php\Apache24\htdocs\weibo\ThinkPHP\Common\functions.php 第 588 行.
NOTIC: [8] Use of undefined constant extend - assumed 'extend' D:\php\Apache24\htdocs\weibo\ThinkPHP\Common\functions.php 第 588 行.
SQL: SHOW COLUMNS FROM `weibo_user` [ RunTime:0.0130s ]
SQL: SELECT `id`,`domin` FROM `weibo_user` WHERE `user` = 'root' LIMIT 1   [ RunTime:0.0010s ]
INFO: [ app_end ] --START--
INFO: Run Behavior\ShowPageTraceBehavior [ RunTime:0.003000s ]
INFO: [ app_end ] --END-- [ RunTime:0.003000s ]

[ 2017-08-26T10:10:02+08:00 ] ::1 /weibo/Home/Topic/ajaxCount
INFO: [ app_init ] --START--
INFO: Run Behavior\BuildLiteBehavior [ RunTime:0.000000s ]
INFO: [ app_init ] --END-- [ RunTime:0.002000s ]
INFO: [ app_begin ] --START--
INFO: Run Behavior\ReadHtmlCacheBehavior [ RunTime:0.002000s ]
INFO: [ app_begin ] --END-- [ RunTime:0.003000s ]
SQL: SHOW COLUMNS FROM `weibo_topic` [ RunTime:0.0270s ]
SQL: SELECT COUNT(*) AS tp_count FROM `weibo_topic` WHERE ( 1=1 ) LIMIT 1   [ RunTime:0.0080s ]
INFO: [ app_end ] --START--
INFO: Run Behavior\ShowPageTraceBehavior [ RunTime:0.003000s ]
INFO: [ app_end ] --END-- [ RunTime:0.003000s ]

[ 2017-08-26T10:10:18+08:00 ] ::1 /weibo/Home/Topic/Publish
INFO: [ app_init ] --START--
INFO: Run Behavior\BuildLiteBehavior [ RunTime:0.000000s ]
INFO: [ app_init ] --END-- [ RunTime:0.002000s ]
INFO: [ app_begin ] --START--
INFO: Run Behavior\ReadHtmlCacheBehavior [ RunTime:0.001000s ]
INFO: [ app_begin ] --END-- [ RunTime:0.003000s ]
SQL: SHOW COLUMNS FROM `weibo_topic` [ RunTime:0.0110s ]
NOTIC: [8] Undefined index: validate D:\php\Apache24\htdocs\weibo\ThinkPHP\Library\Think\Model.class.php 第 1185 行.
NOTIC: [8] Undefined index: auto D:\php\Apache24\htdocs\weibo\ThinkPHP\Library\Think\Model.class.php 第 1128 行.
SQL: INSERT INTO `weibo_topic` (`uid`,`content`,`create`) VALUES ('16','@哈哈 @hh 你好啊','1503713418') [ RunTime:0.0320s ]
NOTIC: [8] Use of undefined constant noemail - assumed 'noemail' D:\php\Apache24\htdocs\weibo\ThinkPHP\Common\functions.php 第 588 行.
NOTIC: [8] Use of undefined constant extend - assumed 'extend' D:\php\Apache24\htdocs\weibo\ThinkPHP\Common\functions.php 第 588 行.
SQL: SHOW COLUMNS FROM `weibo_user` [ RunTime:0.0110s ]
SQL: SHOW COLUMNS FROM `weibo_refer` [ RunTime:0.0130s ]
SQL: SELECT `id`,`domin` FROM `weibo_user` WHERE `user` = '哈哈 ' LIMIT 1   [ RunTime:0.0010s ]
NOTIC: [8] Undefined index: validate D:\php\Apache24\htdocs\weibo\ThinkPHP\Library\Think\Model.class.php 第 1185 行.
NOTIC: [8] Undefined index: auto D:\php\Apache24\htdocs\weibo\ThinkPHP\Library\Think\Model.class.php 第 1128 行.
SQL: INSERT INTO `weibo_refer` (`uid`,`tid`,`create`) VALUES ('31','278','1503713418') [ RunTime:0.0010s ]
SQL: SELECT `id`,`domin` FROM `weibo_user` WHERE `user` = 'hh ' LIMIT 1   [ RunTime:0.0030s ]
SQL: UPDATE `weibo_topic` SET `recount`='0' WHERE ( 278 ) [ RunTime:0.0010s ]
INFO: [ app_end ] --START--
INFO: Run Behavior\ShowPageTraceBehavior [ RunTime:0.002000s ]
INFO: [ app_end ] --END-- [ RunTime:0.003000s ]

[ 2017-08-26T10:15:57+08:00 ] ::1 /weibo/Index/index.html
INFO: [ app_init ] --START--
INFO: Run Behavior\BuildLiteBehavior [ RunTime:0.000000s ]
INFO: [ app_init ] --END-- [ RunTime:0.002000s ]

[ 2017-08-26T10:15:57+08:00 ] ::1 /weibo/Uploads/2017-08-15/180_59925004e0138.png
INFO: [ app_init ] --START--
INFO: Run Behavior\BuildLiteBehavior [ RunTime:0.001000s ]
INFO: [ app_init ] --END-- [ RunTime:0.003000s ]

[ 2017-08-26T10:15:57+08:00 ] ::1 /weibo/Uploads/2017-08-15/180_59925004e0138.png
INFO: [ app_init ] --START--
INFO: Run Behavior\BuildLiteBehavior [ RunTime:0.000000s ]
INFO: [ app_init ] --END-- [ RunTime:0.003001s ]

[ 2017-08-26T10:15:58+08:00 ] ::1 /weibo/Home/Topic/ajaxCount
INFO: [ app_init ] --START--
INFO: Run Behavior\BuildLiteBehavior [ RunTime:0.000000s ]
INFO: [ app_init ] --END-- [ RunTime:0.002000s ]
INFO: [ app_begin ] --START--
INFO: Run Behavior\ReadHtmlCacheBehavior [ RunTime:0.002000s ]
INFO: [ app_begin ] --END-- [ RunTime:0.003000s ]
SQL: SHOW COLUMNS FROM `weibo_topic` [ RunTime:0.0120s ]
SQL: SELECT COUNT(*) AS tp_count FROM `weibo_topic` WHERE ( 1=1 ) LIMIT 1   [ RunTime:0.0010s ]
INFO: [ app_end ] --START--
INFO: Run Behavior\ShowPageTraceBehavior [ RunTime:0.002000s ]
INFO: [ app_end ] --END-- [ RunTime:0.003000s ]

[ 2017-08-26T10:15:59+08:00 ] ::1 /weibo/Home/Space/setUrl
INFO: [ app_init ] --START--
INFO: Run Behavior\BuildLiteBehavior [ RunTime:0.001000s ]
INFO: [ app_init ] --END-- [ RunTime:0.002000s ]
INFO: [ app_begin ] --START--
INFO: Run Behavior\ReadHtmlCacheBehavior [ RunTime:0.002000s ]
INFO: [ app_begin ] --END-- [ RunTime:0.004000s ]
NOTIC: [8] Use of undefined constant noemail - assumed 'noemail' D:\php\Apache24\htdocs\weibo\ThinkPHP\Common\functions.php 第 588 行.
NOTIC: [8] Use of undefined constant extend - assumed 'extend' D:\php\Apache24\htdocs\weibo\ThinkPHP\Common\functions.php 第 588 行.
SQL: SHOW COLUMNS FROM `weibo_user` [ RunTime:0.0120s ]
SQL: SELECT `id`,`domin` FROM `weibo_user` WHERE `user` = '哈哈' LIMIT 1   [ RunTime:0.0020s ]
INFO: [ app_end ] --START--
INFO: Run Behavior\ShowPageTraceBehavior [ RunTime:0.003000s ]
INFO: [ app_end ] --END-- [ RunTime:0.004000s ]

[ 2017-08-26T10:16:01+08:00 ] ::1 /weibo/Home/Space/setUrl
INFO: [ app_init ] --START--
INFO: Run Behavior\BuildLiteBehavior [ RunTime:0.000000s ]
INFO: [ app_init ] --END-- [ RunTime:0.003000s ]
INFO: [ app_begin ] --START--
INFO: Run Behavior\ReadHtmlCacheBehavior [ RunTime:0.002000s ]
INFO: [ app_begin ] --END-- [ RunTime:0.003000s ]
NOTIC: [8] Use of undefined constant noemail - assumed 'noemail' D:\php\Apache24\htdocs\weibo\ThinkPHP\Common\functions.php 第 588 行.
NOTIC: [8] Use of undefined constant extend - assumed 'extend' D:\php\Apache24\htdocs\weibo\ThinkPHP\Common\functions.php 第 588 行.
SQL: SHOW COLUMNS FROM `weibo_user` [ RunTime:0.0110s ]
SQL: SELECT `id`,`domin` FROM `weibo_user` WHERE `user` = 'hh' LIMIT 1   [ RunTime:0.0030s ]
INFO: [ app_end ] --START--
INFO: Run Behavior\ShowPageTraceBehavior [ RunTime:0.002001s ]
INFO: [ app_end ] --END-- [ RunTime:0.002001s ]

[ 2017-08-26T10:16:05+08:00 ] ::1 /weibo/Setting/refer.html
INFO: [ app_init ] --START--
INFO: Run Behavior\BuildLiteBehavior [ RunTime:0.000000s ]
INFO: [ app_init ] --END-- [ RunTime:0.002000s ]

[ 2017-08-26T10:16:54+08:00 ] ::1 /weibo/Setting/refer.html
INFO: [ app_init ] --START--
INFO: Run Behavior\BuildLiteBehavior [ RunTime:0.000000s ]
INFO: [ app_init ] --END-- [ RunTime:0.003000s ]

[ 2017-08-26T10:16:58+08:00 ] ::1 /weibo/Home/Space/setUrl
INFO: [ app_init ] --START--
INFO: Run Behavior\BuildLiteBehavior [ RunTime:0.000000s ]
INFO: [ app_init ] --END-- [ RunTime:0.003000s ]
INFO: [ app_begin ] --START--
INFO: Run Behavior\ReadHtmlCacheBehavior [ RunTime:0.002000s ]
INFO: [ app_begin ] --END-- [ RunTime:0.003000s ]
NOTIC: [8] Use of undefined constant noemail - assumed 'noemail' D:\php\Apache24\htdocs\weibo\ThinkPHP\Common\functions.php 第 588 行.
NOTIC: [8] Use of undefined constant extend - assumed 'extend' D:\php\Apache24\htdocs\weibo\ThinkPHP\Common\functions.php 第 588 行.
SQL: SHOW COLUMNS FROM `weibo_user` [ RunTime:0.0140s ]
SQL: SELECT `id`,`domin` FROM `weibo_user` WHERE `user` = '哈哈' LIMIT 1   [ RunTime:0.0010s ]
INFO: [ app_end ] --START--
INFO: Run Behavior\ShowPageTraceBehavior [ RunTime:0.002000s ]
INFO: [ app_end ] --END-- [ RunTime:0.003000s ]

[ 2017-08-26T10:16:59+08:00 ] ::1 /weibo/Home/Topic/ajaxCount
INFO: [ app_init ] --START--
INFO: Run Behavior\BuildLiteBehavior [ RunTime:0.000000s ]
INFO: [ app_init ] --END-- [ RunTime:0.009000s ]
INFO: [ app_begin ] --START--
INFO: Run Behavior\ReadHtmlCacheBehavior [ RunTime:0.002000s ]
INFO: [ app_begin ] --END-- [ RunTime:0.003000s ]
SQL: SHOW COLUMNS FROM `weibo_topic` [ RunTime:0.0130s ]
SQL: SELECT COUNT(*) AS tp_count FROM `weibo_topic` WHERE ( 1=1 ) LIMIT 1   [ RunTime:0.0000s ]
INFO: [ app_end ] --START--
INFO: Run Behavior\ShowPageTraceBehavior [ RunTime:0.002001s ]
INFO: [ app_end ] --END-- [ RunTime:0.003001s ]

[ 2017-08-26T10:17:00+08:00 ] ::1 /weibo/Home/Space/setUrl
INFO: [ app_init ] --START--
INFO: Run Behavior\BuildLiteBehavior [ RunTime:0.001000s ]
INFO: [ app_init ] --END-- [ RunTime:0.002000s ]
INFO: [ app_begin ] --START--
INFO: Run Behavior\ReadHtmlCacheBehavior [ RunTime:0.002000s ]
INFO: [ app_begin ] --END-- [ RunTime:0.005000s ]
NOTIC: [8] Use of undefined constant noemail - assumed 'noemail' D:\php\Apache24\htdocs\weibo\ThinkPHP\Common\functions.php 第 588 行.
NOTIC: [8] Use of undefined constant extend - assumed 'extend' D:\php\Apache24\htdocs\weibo\ThinkPHP\Common\functions.php 第 588 行.
SQL: SHOW COLUMNS FROM `weibo_user` [ RunTime:0.0110s ]
SQL: SELECT `id`,`domin` FROM `weibo_user` WHERE `user` = 'hh' LIMIT 1   [ RunTime:0.0010s ]
INFO: [ app_end ] --START--
INFO: Run Behavior\ShowPageTraceBehavior [ RunTime:0.002000s ]
INFO: [ app_end ] --END-- [ RunTime:0.004001s ]

[ 2017-08-26T10:17:02+08:00 ] ::1 /weibo/Setting/refer.html
INFO: [ app_init ] --START--
INFO: Run Behavior\BuildLiteBehavior [ RunTime:0.001000s ]
INFO: [ app_init ] --END-- [ RunTime:0.004001s ]

[ 2017-08-26T10:17:44+08:00 ] ::1 /weibo/Home/Topic/ajaxCount
INFO: [ app_init ] --START--
INFO: Run Behavior\BuildLiteBehavior [ RunTime:0.000000s ]
INFO: [ app_init ] --END-- [ RunTime:0.003001s ]
INFO: [ app_begin ] --START--
INFO: Run Behavior\ReadHtmlCacheBehavior [ RunTime:0.002000s ]
INFO: [ app_begin ] --END-- [ RunTime:0.004000s ]
SQL: SHOW COLUMNS FROM `weibo_topic` [ RunTime:0.0120s ]
SQL: SELECT COUNT(*) AS tp_count FROM `weibo_topic` WHERE ( 1=1 ) LIMIT 1   [ RunTime:0.0010s ]
INFO: [ app_end ] --START--
INFO: Run Behavior\ShowPageTraceBehavior [ RunTime:0.002000s ]
INFO: [ app_end ] --END-- [ RunTime:0.003000s ]

[ 2017-08-26T10:17:45+08:00 ] ::1 /weibo/Home/Space/setUrl
INFO: [ app_init ] --START--
INFO: Run Behavior\BuildLiteBehavior [ RunTime:0.000000s ]
INFO: [ app_init ] --END-- [ RunTime:0.003000s ]
INFO: [ app_begin ] --START--
INFO: Run Behavior\ReadHtmlCacheBehavior [ RunTime:0.003000s ]
INFO: [ app_begin ] --END-- [ RunTime:0.004000s ]
NOTIC: [8] Use of undefined constant noemail - assumed 'noemail' D:\php\Apache24\htdocs\weibo\ThinkPHP\Common\functions.php 第 588 行.
NOTIC: [8] Use of undefined constant extend - assumed 'extend' D:\php\Apache24\htdocs\weibo\ThinkPHP\Common\functions.php 第 588 行.
SQL: SHOW COLUMNS FROM `weibo_user` [ RunTime:0.0130s ]
SQL: SELECT `id`,`domin` FROM `weibo_user` WHERE `user` = '哈哈' LIMIT 1   [ RunTime:0.0010s ]
INFO: [ app_end ] --START--
INFO: Run Behavior\ShowPageTraceBehavior [ RunTime:0.003000s ]
INFO: [ app_end ] --END-- [ RunTime:0.003000s ]

[ 2017-08-26T10:17:46+08:00 ] ::1 /weibo/Home/Space/setUrl
INFO: [ app_init ] --START--
INFO: Run Behavior\BuildLiteBehavior [ RunTime:0.000000s ]
INFO: [ app_init ] --END-- [ RunTime:0.002000s ]
INFO: [ app_begin ] --START--
INFO: Run Behavior\ReadHtmlCacheBehavior [ RunTime:0.004000s ]
INFO: [ app_begin ] --END-- [ RunTime:0.004000s ]
NOTIC: [8] Use of undefined constant noemail - assumed 'noemail' D:\php\Apache24\htdocs\weibo\ThinkPHP\Common\functions.php 第 588 行.
NOTIC: [8] Use of undefined constant extend - assumed 'extend' D:\php\Apache24\htdocs\weibo\ThinkPHP\Common\functions.php 第 588 行.
SQL: SHOW COLUMNS FROM `weibo_user` [ RunTime:0.0110s ]
SQL: SELECT `id`,`domin` FROM `weibo_user` WHERE `user` = 'hh' LIMIT 1   [ RunTime:0.0010s ]
INFO: [ app_end ] --START--
INFO: Run Behavior\ShowPageTraceBehavior [ RunTime:0.002000s ]
INFO: [ app_end ] --END-- [ RunTime:0.002000s ]

[ 2017-08-26T10:17:54+08:00 ] ::1 /weibo/Setting/index.html
INFO: [ app_init ] --START--
INFO: Run Behavior\BuildLiteBehavior [ RunTime:0.000000s ]
INFO: [ app_init ] --END-- [ RunTime:0.002000s ]

[ 2017-08-26T10:17:56+08:00 ] ::1 /weibo/Setting/refer.html
INFO: [ app_init ] --START--
INFO: Run Behavior\BuildLiteBehavior [ RunTime:0.000000s ]
INFO: [ app_init ] --END-- [ RunTime:0.002000s ]

[ 2017-08-26T10:18:41+08:00 ] ::1 /weibo/Setting/refer.html
INFO: [ app_init ] --START--
INFO: Run Behavior\BuildLiteBehavior [ RunTime:0.000000s ]
INFO: [ app_init ] --END-- [ RunTime:0.002000s ]

[ 2017-08-26T10:21:53+08:00 ] ::1 /weibo/Index/index.html
INFO: [ app_init ] --START--
INFO: Run Behavior\BuildLiteBehavior [ RunTime:0.001000s ]
INFO: [ app_init ] --END-- [ RunTime:0.002000s ]

[ 2017-08-26T10:21:53+08:00 ] ::1 /weibo/Uploads/2017-08-15/180_59925004e0138.png
INFO: [ app_init ] --START--
INFO: Run Behavior\BuildLiteBehavior [ RunTime:0.001000s ]
INFO: [ app_init ] --END-- [ RunTime:0.002000s ]

[ 2017-08-26T10:21:53+08:00 ] ::1 /weibo/Uploads/2017-08-15/180_59924fdfd686a.jpg
INFO: [ app_init ] --START--
INFO: Run Behavior\BuildLiteBehavior [ RunTime:0.000000s ]
INFO: [ app_init ] --END-- [ RunTime:0.002000s ]

[ 2017-08-26T10:21:53+08:00 ] ::1 /weibo/Uploads/2017-08-15/180_59924fe0e6e5f.jpg
INFO: [ app_init ] --START--
INFO: Run Behavior\BuildLiteBehavior [ RunTime:0.001000s ]
INFO: [ app_init ] --END-- [ RunTime:0.002000s ]

[ 2017-08-26T10:21:54+08:00 ] ::1 /weibo/Uploads/2017-08-15/550_59924fdfd686a.jpg
INFO: [ app_init ] --START--
INFO: Run Behavior\BuildLiteBehavior [ RunTime:0.001000s ]
INFO: [ app_init ] --END-- [ RunTime:0.002000s ]

[ 2017-08-26T10:21:54+08:00 ] ::1 /weibo/Uploads/2017-08-15/550_59924fe0e6e5f.jpg
INFO: [ app_init ] --START--
INFO: Run Behavior\BuildLiteBehavior [ RunTime:0.000000s ]
INFO: [ app_init ] --END-- [ RunTime:0.002000s ]

[ 2017-08-26T10:21:54+08:00 ] ::1 /weibo/Uploads/2017-08-15/180_59925004e0138.png
INFO: [ app_init ] --START--
INFO: Run Behavior\BuildLiteBehavior [ RunTime:0.001000s ]
INFO: [ app_init ] --END-- [ RunTime:0.002000s ]

[ 2017-08-26T10:21:54+08:00 ] ::1 /weibo/Uploads/2017-08-15/180_59924fdfd686a.jpg
INFO: [ app_init ] --START--
INFO: Run Behavior\BuildLiteBehavior [ RunTime:0.000000s ]
INFO: [ app_init ] --END-- [ RunTime:0.002000s ]

[ 2017-08-26T10:21:54+08:00 ] ::1 /weibo/Uploads/2017-08-15/180_59924fe0e6e5f.jpg
INFO: [ app_init ] --START--
INFO: Run Behavior\BuildLiteBehavior [ RunTime:0.000000s ]
INFO: [ app_init ] --END-- [ RunTime:0.003000s ]

[ 2017-08-26T10:21:54+08:00 ] ::1 /weibo/Uploads/2017-08-15/550_59924fdfd686a.jpg
INFO: [ app_init ] --START--
INFO: Run Behavior\BuildLiteBehavior [ RunTime:0.000000s ]
INFO: [ app_init ] --END-- [ RunTime:0.003000s ]

[ 2017-08-26T10:21:55+08:00 ] ::1 /weibo/Home/Topic/ajaxCount
INFO: [ app_init ] --START--
INFO: Run Behavior\BuildLiteBehavior [ RunTime:0.000000s ]
INFO: [ app_init ] --END-- [ RunTime:0.002000s ]
INFO: [ app_begin ] --START--
INFO: Run Behavior\ReadHtmlCacheBehavior [ RunTime:0.002000s ]
INFO: [ app_begin ] --END-- [ RunTime:0.003000s ]
SQL: SHOW COLUMNS FROM `weibo_topic` [ RunTime:0.0110s ]
SQL: SELECT COUNT(*) AS tp_count FROM `weibo_topic` WHERE ( 1=1 ) LIMIT 1   [ RunTime:0.0040s ]
INFO: [ app_end ] --START--
INFO: Run Behavior\ShowPageTraceBehavior [ RunTime:0.002000s ]
INFO: [ app_end ] --END-- [ RunTime:0.003000s ]

[ 2017-08-26T10:21:56+08:00 ] ::1 /weibo/Home/Space/setUrl
INFO: [ app_init ] --START--
INFO: Run Behavior\BuildLiteBehavior [ RunTime:0.000000s ]
INFO: [ app_init ] --END-- [ RunTime:0.003000s ]
INFO: [ app_begin ] --START--
INFO: Run Behavior\ReadHtmlCacheBehavior [ RunTime:0.011001s ]
INFO: [ app_begin ] --END-- [ RunTime:0.014001s ]
NOTIC: [8] Use of undefined constant noemail - assumed 'noemail' D:\php\Apache24\htdocs\weibo\ThinkPHP\Common\functions.php 第 588 行.
NOTIC: [8] Use of undefined constant extend - assumed 'extend' D:\php\Apache24\htdocs\weibo\ThinkPHP\Common\functions.php 第 588 行.
SQL: SHOW COLUMNS FROM `weibo_user` [ RunTime:0.0110s ]
SQL: SELECT `id`,`domin` FROM `weibo_user` WHERE `user` = 'root' LIMIT 1   [ RunTime:0.0010s ]
INFO: [ app_end ] --START--
INFO: Run Behavior\ShowPageTraceBehavior [ RunTime:0.002000s ]
INFO: [ app_end ] --END-- [ RunTime:0.003000s ]

[ 2017-08-26T10:22:09+08:00 ] ::1 /weibo/Home/Topic/Publish
INFO: [ app_init ] --START--
INFO: Run Behavior\BuildLiteBehavior [ RunTime:0.001000s ]
INFO: [ app_init ] --END-- [ RunTime:0.002000s ]
INFO: [ app_begin ] --START--
INFO: Run Behavior\ReadHtmlCacheBehavior [ RunTime:0.001000s ]
INFO: [ app_begin ] --END-- [ RunTime:0.003000s ]
SQL: SHOW COLUMNS FROM `weibo_topic` [ RunTime:0.0110s ]
NOTIC: [8] Undefined index: validate D:\php\Apache24\htdocs\weibo\ThinkPHP\Library\Think\Model.class.php 第 1185 行.
NOTIC: [8] Undefined index: auto D:\php\Apache24\htdocs\weibo\ThinkPHP\Library\Think\Model.class.php 第 1128 行.
SQL: INSERT INTO `weibo_topic` (`uid`,`content`,`create`) VALUES ('16','@root','1503714129') [ RunTime:0.0020s ]
SQL: UPDATE `weibo_topic` SET `recount`='0' WHERE ( 279 ) [ RunTime:0.0010s ]
INFO: [ app_end ] --START--
INFO: Run Behavior\ShowPageTraceBehavior [ RunTime:0.002000s ]
INFO: [ app_end ] --END-- [ RunTime:0.003000s ]

[ 2017-08-26T10:22:13+08:00 ] ::1 /weibo/Index/index.html
INFO: [ app_init ] --START--
INFO: Run Behavior\BuildLiteBehavior [ RunTime:0.000000s ]
INFO: [ app_init ] --END-- [ RunTime:0.002001s ]

[ 2017-08-26T10:22:13+08:00 ] ::1 /weibo/Uploads/2017-08-15/180_59925004e0138.png
INFO: [ app_init ] --START--
INFO: Run Behavior\BuildLiteBehavior [ RunTime:0.000000s ]
INFO: [ app_init ] --END-- [ RunTime:0.002000s ]

[ 2017-08-26T10:22:13+08:00 ] ::1 /weibo/Uploads/2017-08-15/180_59925004e0138.png
INFO: [ app_init ] --START--
INFO: Run Behavior\BuildLiteBehavior [ RunTime:0.000000s ]
INFO: [ app_init ] --END-- [ RunTime:0.003001s ]

[ 2017-08-26T10:22:15+08:00 ] ::1 /weibo/Home/Topic/ajaxCount
INFO: [ app_init ] --START--
INFO: Run Behavior\BuildLiteBehavior [ RunTime:0.000000s ]
INFO: [ app_init ] --END-- [ RunTime:0.002000s ]
INFO: [ app_begin ] --START--
INFO: Run Behavior\ReadHtmlCacheBehavior [ RunTime:0.002000s ]
INFO: [ app_begin ] --END-- [ RunTime:0.004000s ]
SQL: SHOW COLUMNS FROM `weibo_topic` [ RunTime:0.0110s ]
SQL: SELECT COUNT(*) AS tp_count FROM `weibo_topic` WHERE ( 1=1 ) LIMIT 1   [ RunTime:0.0010s ]
INFO: [ app_end ] --START--
INFO: Run Behavior\ShowPageTraceBehavior [ RunTime:0.002001s ]
INFO: [ app_end ] --END-- [ RunTime:0.003001s ]

[ 2017-08-26T10:22:16+08:00 ] ::1 /weibo/Home/Space/setUrl
INFO: [ app_init ] --START--
INFO: Run Behavior\BuildLiteBehavior [ RunTime:0.001000s ]
INFO: [ app_init ] --END-- [ RunTime:0.003000s ]
INFO: [ app_begin ] --START--
INFO: Run Behavior\ReadHtmlCacheBehavior [ RunTime:0.001000s ]
INFO: [ app_begin ] --END-- [ RunTime:0.002000s ]
NOTIC: [8] Use of undefined constant noemail - assumed 'noemail' D:\php\Apache24\htdocs\weibo\ThinkPHP\Common\functions.php 第 588 行.
NOTIC: [8] Use of undefined constant extend - assumed 'extend' D:\php\Apache24\htdocs\weibo\ThinkPHP\Common\functions.php 第 588 行.
SQL: SHOW COLUMNS FROM `weibo_user` [ RunTime:0.0130s ]
SQL: SELECT `id`,`domin` FROM `weibo_user` WHERE `user` = 'root' LIMIT 1   [ RunTime:0.0020s ]
INFO: [ app_end ] --START--
INFO: Run Behavior\ShowPageTraceBehavior [ RunTime:0.002000s ]
INFO: [ app_end ] --END-- [ RunTime:0.003000s ]

[ 2017-08-26T10:22:17+08:00 ] ::1 /weibo/Home/Space/setUrl
INFO: [ app_init ] --START--
INFO: Run Behavior\BuildLiteBehavior [ RunTime:0.000000s ]
INFO: [ app_init ] --END-- [ RunTime:0.002000s ]
INFO: [ app_begin ] --START--
INFO: Run Behavior\ReadHtmlCacheBehavior [ RunTime:0.001000s ]
INFO: [ app_begin ] --END-- [ RunTime:0.003000s ]
NOTIC: [8] Use of undefined constant noemail - assumed 'noemail' D:\php\Apache24\htdocs\weibo\ThinkPHP\Common\functions.php 第 588 行.
NOTIC: [8] Use of undefined constant extend - assumed 'extend' D:\php\Apache24\htdocs\weibo\ThinkPHP\Common\functions.php 第 588 行.
SQL: SHOW COLUMNS FROM `weibo_user` [ RunTime:0.0110s ]
SQL: SELECT `id`,`domin` FROM `weibo_user` WHERE `user` = 'root' LIMIT 1   [ RunTime:0.0010s ]
INFO: [ app_end ] --START--
INFO: Run Behavior\ShowPageTraceBehavior [ RunTime:0.002000s ]
INFO: [ app_end ] --END-- [ RunTime:0.003000s ]

[ 2017-08-26T10:23:25+08:00 ] ::1 /weibo/Index/index.html
INFO: [ app_init ] --START--
INFO: Run Behavior\BuildLiteBehavior [ RunTime:0.001000s ]
INFO: [ app_init ] --END-- [ RunTime:0.002000s ]

[ 2017-08-26T10:23:26+08:00 ] ::1 /weibo/Uploads/2017-08-15/180_59925004e0138.png
INFO: [ app_init ] --START--
INFO: Run Behavior\BuildLiteBehavior [ RunTime:0.000000s ]
INFO: [ app_init ] --END-- [ RunTime:0.003000s ]

[ 2017-08-26T10:23:26+08:00 ] ::1 /weibo/Uploads/2017-08-15/180_59924fdfd686a.jpg
INFO: [ app_init ] --START--
INFO: Run Behavior\BuildLiteBehavior [ RunTime:0.000000s ]
INFO: [ app_init ] --END-- [ RunTime:0.003000s ]

[ 2017-08-26T10:23:26+08:00 ] ::1 /weibo/Uploads/2017-08-15/180_59924fe0e6e5f.jpg
INFO: [ app_init ] --START--
INFO: Run Behavior\BuildLiteBehavior [ RunTime:0.000000s ]
INFO: [ app_init ] --END-- [ RunTime:0.003000s ]

[ 2017-08-26T10:23:26+08:00 ] ::1 /weibo/Uploads/2017-08-15/550_59924fdfd686a.jpg
INFO: [ app_init ] --START--
INFO: Run Behavior\BuildLiteBehavior [ RunTime:0.000000s ]
INFO: [ app_init ] --END-- [ RunTime:0.003000s ]

[ 2017-08-26T10:23:26+08:00 ] ::1 /weibo/Uploads/2017-08-15/550_59924fe0e6e5f.jpg
INFO: [ app_init ] --START--
INFO: Run Behavior\BuildLiteBehavior [ RunTime:0.000000s ]
INFO: [ app_init ] --END-- [ RunTime:0.009000s ]

[ 2017-08-26T10:23:26+08:00 ] ::1 /weibo/Uploads/2017-08-15/180_59925004e0138.png
INFO: [ app_init ] --START--
INFO: Run Behavior\BuildLiteBehavior [ RunTime:0.000000s ]
INFO: [ app_init ] --END-- [ RunTime:0.005000s ]

[ 2017-08-26T10:23:26+08:00 ] ::1 /weibo/Uploads/2017-08-15/180_59924fe0e6e5f.jpg
INFO: [ app_init ] --START--
INFO: Run Behavior\BuildLiteBehavior [ RunTime:0.000000s ]
INFO: [ app_init ] --END-- [ RunTime:0.010001s ]

[ 2017-08-26T10:23:26+08:00 ] ::1 /weibo/Uploads/2017-08-15/180_59924fdfd686a.jpg
INFO: [ app_init ] --START--
INFO: Run Behavior\BuildLiteBehavior [ RunTime:0.000000s ]
INFO: [ app_init ] --END-- [ RunTime:0.004001s ]

[ 2017-08-26T10:23:27+08:00 ] ::1 /weibo/Home/Topic/ajaxCount
INFO: [ app_init ] --START--
INFO: Run Behavior\BuildLiteBehavior [ RunTime:0.000000s ]
INFO: [ app_init ] --END-- [ RunTime:0.002000s ]
INFO: [ app_begin ] --START--
INFO: Run Behavior\ReadHtmlCacheBehavior [ RunTime:0.019001s ]
INFO: [ app_begin ] --END-- [ RunTime:0.020001s ]
SQL: SHOW COLUMNS FROM `weibo_topic` [ RunTime:0.0130s ]
SQL: SELECT COUNT(*) AS tp_count FROM `weibo_topic` WHERE ( 1=1 ) LIMIT 1   [ RunTime:0.0010s ]
INFO: [ app_end ] --START--
INFO: Run Behavior\ShowPageTraceBehavior [ RunTime:0.003000s ]
INFO: [ app_end ] --END-- [ RunTime:0.004000s ]

[ 2017-08-26T10:23:28+08:00 ] ::1 /weibo/Home/Space/setUrl
INFO: [ app_init ] --START--
INFO: Run Behavior\BuildLiteBehavior [ RunTime:0.000000s ]
INFO: [ app_init ] --END-- [ RunTime:0.003000s ]
INFO: [ app_begin ] --START--
INFO: Run Behavior\ReadHtmlCacheBehavior [ RunTime:0.002000s ]
INFO: [ app_begin ] --END-- [ RunTime:0.004000s ]
NOTIC: [8] Use of undefined constant noemail - assumed 'noemail' D:\php\Apache24\htdocs\weibo\ThinkPHP\Common\functions.php 第 588 行.
NOTIC: [8] Use of undefined constant extend - assumed 'extend' D:\php\Apache24\htdocs\weibo\ThinkPHP\Common\functions.php 第 588 行.
SQL: SHOW COLUMNS FROM `weibo_user` [ RunTime:0.0110s ]
SQL: SELECT `id`,`domin` FROM `weibo_user` WHERE `user` = 'root' LIMIT 1   [ RunTime:0.0010s ]
INFO: [ app_end ] --START--
INFO: Run Behavior\ShowPageTraceBehavior [ RunTime:0.002000s ]
INFO: [ app_end ] --END-- [ RunTime:0.003000s ]

[ 2017-08-26T10:23:41+08:00 ] ::1 /weibo/Home/Topic/Publish
INFO: [ app_init ] --START--
INFO: Run Behavior\BuildLiteBehavior [ RunTime:0.000000s ]
INFO: [ app_init ] --END-- [ RunTime:0.002000s ]
INFO: [ app_begin ] --START--
INFO: Run Behavior\ReadHtmlCacheBehavior [ RunTime:0.002000s ]
INFO: [ app_begin ] --END-- [ RunTime:0.003000s ]
SQL: SHOW COLUMNS FROM `weibo_topic` [ RunTime:0.0100s ]
NOTIC: [8] Undefined index: validate D:\php\Apache24\htdocs\weibo\ThinkPHP\Library\Think\Model.class.php 第 1185 行.
NOTIC: [8] Undefined index: auto D:\php\Apache24\htdocs\weibo\ThinkPHP\Library\Think\Model.class.php 第 1128 行.
SQL: INSERT INTO `weibo_topic` (`uid`,`content`,`create`) VALUES ('16','@root ','1503714221') [ RunTime:0.0010s ]
NOTIC: [8] Use of undefined constant noemail - assumed 'noemail' D:\php\Apache24\htdocs\weibo\ThinkPHP\Common\functions.php 第 588 行.
NOTIC: [8] Use of undefined constant extend - assumed 'extend' D:\php\Apache24\htdocs\weibo\ThinkPHP\Common\functions.php 第 588 行.
SQL: SHOW COLUMNS FROM `weibo_user` [ RunTime:0.0110s ]
SQL: SHOW COLUMNS FROM `weibo_refer` [ RunTime:0.0100s ]
SQL: SELECT `id`,`domin` FROM `weibo_user` WHERE `user` = 'root ' LIMIT 1   [ RunTime:0.0010s ]
NOTIC: [8] Undefined index: validate D:\php\Apache24\htdocs\weibo\ThinkPHP\Library\Think\Model.class.php 第 1185 行.
NOTIC: [8] Undefined index: auto D:\php\Apache24\htdocs\weibo\ThinkPHP\Library\Think\Model.class.php 第 1128 行.
SQL: INSERT INTO `weibo_refer` (`uid`,`tid`,`create`) VALUES ('16','280','1503714221') [ RunTime:0.0020s ]
SQL: UPDATE `weibo_topic` SET `recount`='0' WHERE ( 280 ) [ RunTime:0.0010s ]
INFO: [ app_end ] --START--
INFO: Run Behavior\ShowPageTraceBehavior [ RunTime:0.002000s ]
INFO: [ app_end ] --END-- [ RunTime:0.002000s ]

[ 2017-08-26T10:23:44+08:00 ] ::1 /weibo/Index/index.html
INFO: [ app_init ] --START--
INFO: Run Behavior\BuildLiteBehavior [ RunTime:0.000000s ]
INFO: [ app_init ] --END-- [ RunTime:0.003000s ]

[ 2017-08-26T10:23:45+08:00 ] ::1 /weibo/Uploads/2017-08-15/180_59925004e0138.png
INFO: [ app_init ] --START--
INFO: Run Behavior\BuildLiteBehavior [ RunTime:0.000000s ]
INFO: [ app_init ] --END-- [ RunTime:0.004000s ]

[ 2017-08-26T10:23:45+08:00 ] ::1 /weibo/Uploads/2017-08-15/180_59925004e0138.png
INFO: [ app_init ] --START--
INFO: Run Behavior\BuildLiteBehavior [ RunTime:0.000000s ]
INFO: [ app_init ] --END-- [ RunTime:0.003000s ]

[ 2017-08-26T10:23:46+08:00 ] ::1 /weibo/Home/Topic/ajaxCount
INFO: [ app_init ] --START--
INFO: Run Behavior\BuildLiteBehavior [ RunTime:0.000000s ]
INFO: [ app_init ] --END-- [ RunTime:0.002000s ]
INFO: [ app_begin ] --START--
INFO: Run Behavior\ReadHtmlCacheBehavior [ RunTime:0.002000s ]
INFO: [ app_begin ] --END-- [ RunTime:0.003000s ]
SQL: SHOW COLUMNS FROM `weibo_topic` [ RunTime:0.0130s ]
SQL: SELECT COUNT(*) AS tp_count FROM `weibo_topic` WHERE ( 1=1 ) LIMIT 1   [ RunTime:0.0010s ]
INFO: [ app_end ] --START--
INFO: Run Behavior\ShowPageTraceBehavior [ RunTime:0.002000s ]
INFO: [ app_end ] --END-- [ RunTime:0.003000s ]

[ 2017-08-26T10:23:47+08:00 ] ::1 /weibo/Home/Space/setUrl
INFO: [ app_init ] --START--
INFO: Run Behavior\BuildLiteBehavior [ RunTime:0.000000s ]
INFO: [ app_init ] --END-- [ RunTime:0.003000s ]
INFO: [ app_begin ] --START--
INFO: Run Behavior\ReadHtmlCacheBehavior [ RunTime:0.002000s ]
INFO: [ app_begin ] --END-- [ RunTime:0.002000s ]
NOTIC: [8] Use of undefined constant noemail - assumed 'noemail' D:\php\Apache24\htdocs\weibo\ThinkPHP\Common\functions.php 第 588 行.
NOTIC: [8] Use of undefined constant extend - assumed 'extend' D:\php\Apache24\htdocs\weibo\ThinkPHP\Common\functions.php 第 588 行.
SQL: SHOW COLUMNS FROM `weibo_user` [ RunTime:0.0110s ]
SQL: SELECT `id`,`domin` FROM `weibo_user` WHERE `user` = 'root' LIMIT 1   [ RunTime:0.0010s ]
INFO: [ app_end ] --START--
INFO: Run Behavior\ShowPageTraceBehavior [ RunTime:0.002000s ]
INFO: [ app_end ] --END-- [ RunTime:0.003000s ]

[ 2017-08-26T10:23:48+08:00 ] ::1 /weibo/Home/Space/setUrl
INFO: [ app_init ] --START--
INFO: Run Behavior\BuildLiteBehavior [ RunTime:0.001000s ]
INFO: [ app_init ] --END-- [ RunTime:0.002000s ]
INFO: [ app_begin ] --START--
INFO: Run Behavior\ReadHtmlCacheBehavior [ RunTime:0.002000s ]
INFO: [ app_begin ] --END-- [ RunTime:0.003000s ]
NOTIC: [8] Use of undefined constant noemail - assumed 'noemail' D:\php\Apache24\htdocs\weibo\ThinkPHP\Common\functions.php 第 588 行.
NOTIC: [8] Use of undefined constant extend - assumed 'extend' D:\php\Apache24\htdocs\weibo\ThinkPHP\Common\functions.php 第 588 行.
SQL: SHOW COLUMNS FROM `weibo_user` [ RunTime:0.0130s ]
SQL: SELECT `id`,`domin` FROM `weibo_user` WHERE `user` = 'root' LIMIT 1   [ RunTime:0.0010s ]
INFO: [ app_end ] --START--
INFO: Run Behavior\ShowPageTraceBehavior [ RunTime:0.002000s ]
INFO: [ app_end ] --END-- [ RunTime:0.003000s ]

[ 2017-08-26T10:26:17+08:00 ] ::1 /weibo/Setting/refer.html
INFO: [ app_init ] --START--
INFO: Run Behavior\BuildLiteBehavior [ RunTime:0.000000s ]
INFO: [ app_init ] --END-- [ RunTime:0.002001s ]

[ 2017-08-26T10:28:17+08:00 ] ::1 /weibo/Setting/refer.html
INFO: [ app_init ] --START--
INFO: Run Behavior\BuildLiteBehavior [ RunTime:0.001000s ]
INFO: [ app_init ] --END-- [ RunTime:0.008001s ]

[ 2017-08-26T10:28:20+08:00 ] ::1 /weibo/Setting/refer.html
INFO: [ app_init ] --START--
INFO: Run Behavior\BuildLiteBehavior [ RunTime:0.001000s ]
INFO: [ app_init ] --END-- [ RunTime:0.004000s ]

[ 2017-08-26T10:31:08+08:00 ] ::1 /weibo/Setting/refer.html
INFO: [ app_init ] --START--
INFO: Run Behavior\BuildLiteBehavior [ RunTime:0.000000s ]
INFO: [ app_init ] --END-- [ RunTime:0.002000s ]

[ 2017-08-26T10:57:48+08:00 ] ::1 /weibo/Setting/refer.html
INFO: [ app_init ] --START--
INFO: Run Behavior\BuildLiteBehavior [ RunTime:0.000000s ]
INFO: [ app_init ] --END-- [ RunTime:0.012001s ]

[ 2017-08-26T10:58:48+08:00 ] ::1 /weibo/Setting/refer.html
INFO: [ app_init ] --START--
INFO: Run Behavior\BuildLiteBehavior [ RunTime:0.000000s ]
INFO: [ app_init ] --END-- [ RunTime:0.002000s ]

[ 2017-08-26T11:01:40+08:00 ] ::1 /weibo/Setting/refer.html
INFO: [ app_init ] --START--
INFO: Run Behavior\BuildLiteBehavior [ RunTime:0.000000s ]
INFO: [ app_init ] --END-- [ RunTime:0.002000s ]

[ 2017-08-26T11:02:35+08:00 ] ::1 /weibo/Setting/infoPic.html
INFO: [ app_init ] --START--
INFO: Run Behavior\BuildLiteBehavior [ RunTime:0.000000s ]
INFO: [ app_init ] --END-- [ RunTime:0.002000s ]

[ 2017-08-26T11:02:44+08:00 ] ::1 /weibo/Setting/
INFO: [ app_init ] --START--
INFO: Run Behavior\BuildLiteBehavior [ RunTime:0.000000s ]
INFO: [ app_init ] --END-- [ RunTime:0.002001s ]

[ 2017-08-26T11:02:55+08:00 ] ::1 /weibo/Setting/refer.html
INFO: [ app_init ] --START--
INFO: Run Behavior\BuildLiteBehavior [ RunTime:0.001000s ]
INFO: [ app_init ] --END-- [ RunTime:0.002000s ]

[ 2017-08-26T11:05:03+08:00 ] ::1 /weibo/Setting/refer.html
INFO: [ app_init ] --START--
INFO: Run Behavior\BuildLiteBehavior [ RunTime:0.001000s ]
INFO: [ app_init ] --END-- [ RunTime:0.003000s ]

[ 2017-08-26T11:05:07+08:00 ] ::1 /weibo/Setting/refer.html
INFO: [ app_init ] --START--
INFO: Run Behavior\BuildLiteBehavior [ RunTime:0.000000s ]
INFO: [ app_init ] --END-- [ RunTime:0.002000s ]

[ 2017-08-26T11:05:08+08:00 ] ::1 /weibo/Setting/refer.html
INFO: [ app_init ] --START--
INFO: Run Behavior\BuildLiteBehavior [ RunTime:0.000000s ]
INFO: [ app_init ] --END-- [ RunTime:0.002000s ]

[ 2017-08-26T11:05:09+08:00 ] ::1 /weibo/Setting/refer.html
INFO: [ app_init ] --START--
INFO: Run Behavior\BuildLiteBehavior [ RunTime:0.000000s ]
INFO: [ app_init ] --END-- [ RunTime:0.001000s ]

[ 2017-08-26T11:06:32+08:00 ] ::1 /weibo/Setting/refer.html
INFO: [ app_init ] --START--
INFO: Run Behavior\BuildLiteBehavior [ RunTime:0.000000s ]
INFO: [ app_init ] --END-- [ RunTime:0.001000s ]

[ 2017-08-26T11:06:44+08:00 ] ::1 /weibo/Setting/refer.html
INFO: [ app_init ] --START--
INFO: Run Behavior\BuildLiteBehavior [ RunTime:0.000000s ]
INFO: [ app_init ] --END-- [ RunTime:0.002000s ]

[ 2017-08-26T11:06:46+08:00 ] ::1 /weibo/Setting/refer.html
INFO: [ app_init ] --START--
INFO: Run Behavior\BuildLiteBehavior [ RunTime:0.000000s ]
INFO: [ app_init ] --END-- [ RunTime:0.002000s ]

[ 2017-08-26T11:06:47+08:00 ] ::1 /weibo/Setting/refer.html
INFO: [ app_init ] --START--
INFO: Run Behavior\BuildLiteBehavior [ RunTime:0.001000s ]
INFO: [ app_init ] --END-- [ RunTime:0.002000s ]

[ 2017-08-26T11:06:48+08:00 ] ::1 /weibo/Setting/refer.html
INFO: [ app_init ] --START--
INFO: Run Behavior\BuildLiteBehavior [ RunTime:0.001000s ]
INFO: [ app_init ] --END-- [ RunTime:0.003000s ]

[ 2017-08-26T11:06:49+08:00 ] ::1 /weibo/Setting/refer.html
INFO: [ app_init ] --START--
INFO: Run Behavior\BuildLiteBehavior [ RunTime:0.000000s ]
INFO: [ app_init ] --END-- [ RunTime:0.002000s ]

[ 2017-08-26T11:06:51+08:00 ] ::1 /weibo/Setting/refer.html
INFO: [ app_init ] --START--
INFO: Run Behavior\BuildLiteBehavior [ RunTime:0.000000s ]
INFO: [ app_init ] --END-- [ RunTime:0.003001s ]

[ 2017-08-26T11:06:55+08:00 ] ::1 /weibo/Home/Setting/readRefer
INFO: [ app_init ] --START--
INFO: Run Behavior\BuildLiteBehavior [ RunTime:0.001000s ]
INFO: [ app_init ] --END-- [ RunTime:0.002000s ]
INFO: [ app_begin ] --START--
INFO: Run Behavior\ReadHtmlCacheBehavior [ RunTime:0.003000s ]
INFO: [ app_begin ] --END-- [ RunTime:0.003000s ]
SQL: SHOW COLUMNS FROM `weibo_refer` [ RunTime:0.0110s ]
SQL: UPDATE `weibo_refer` SET `read`='1' WHERE `id` = 2 [ RunTime:0.1000s ]
INFO: [ app_end ] --START--
INFO: Run Behavior\ShowPageTraceBehavior [ RunTime:0.002000s ]
INFO: [ app_end ] --END-- [ RunTime:0.003000s ]

[ 2017-08-26T11:07:11+08:00 ] ::1 /weibo/Setting/refer.html
INFO: [ app_init ] --START--
INFO: Run Behavior\BuildLiteBehavior [ RunTime:0.000000s ]
INFO: [ app_init ] --END-- [ RunTime:0.003000s ]

[ 2017-08-26T11:07:20+08:00 ] ::1 /weibo/Setting/refer.html
INFO: [ app_init ] --START--
INFO: Run Behavior\BuildLiteBehavior [ RunTime:0.000000s ]
INFO: [ app_init ] --END-- [ RunTime:0.002000s ]

[ 2017-08-26T11:07:21+08:00 ] ::1 /weibo/Setting/refer.html
INFO: [ app_init ] --START--
INFO: Run Behavior\BuildLiteBehavior [ RunTime:0.000000s ]
INFO: [ app_init ] --END-- [ RunTime:0.002000s ]

[ 2017-08-26T11:07:22+08:00 ] ::1 /weibo/Setting/refer.html
INFO: [ app_init ] --START--
INFO: Run Behavior\BuildLiteBehavior [ RunTime:0.000000s ]
INFO: [ app_init ] --END-- [ RunTime:0.002001s ]

[ 2017-08-26T11:07:23+08:00 ] ::1 /weibo/Setting/refer.html
INFO: [ app_init ] --START--
INFO: Run Behavior\BuildLiteBehavior [ RunTime:0.000000s ]
INFO: [ app_init ] --END-- [ RunTime:0.003001s ]

[ 2017-08-26T11:09:04+08:00 ] ::1 /weibo/Setting/refer.html
INFO: [ app_init ] --START--
INFO: Run Behavior\BuildLiteBehavior [ RunTime:0.000000s ]
INFO: [ app_init ] --END-- [ RunTime:0.002000s ]

[ 2017-08-26T11:09:09+08:00 ] ::1 /weibo/Setting/refer.html
INFO: [ app_init ] --START--
INFO: Run Behavior\BuildLiteBehavior [ RunTime:0.001000s ]
INFO: [ app_init ] --END-- [ RunTime:0.002000s ]

[ 2017-08-26T11:09:10+08:00 ] ::1 /weibo/Setting/refer.html
INFO: [ app_init ] --START--
INFO: Run Behavior\BuildLiteBehavior [ RunTime:0.000000s ]
INFO: [ app_init ] --END-- [ RunTime:0.003000s ]

[ 2017-08-26T11:09:11+08:00 ] ::1 /weibo/Setting/refer.html
INFO: [ app_init ] --START--
INFO: Run Behavior\BuildLiteBehavior [ RunTime:0.000000s ]
INFO: [ app_init ] --END-- [ RunTime:0.002000s ]

[ 2017-08-26T11:09:13+08:00 ] ::1 /weibo/Setting/refer.html
INFO: [ app_init ] --START--
INFO: Run Behavior\BuildLiteBehavior [ RunTime:0.000000s ]
INFO: [ app_init ] --END-- [ RunTime:0.007000s ]

[ 2017-08-26T11:09:19+08:00 ] ::1 /weibo/Setting/refer.html
INFO: [ app_init ] --START--
INFO: Run Behavior\BuildLiteBehavior [ RunTime:0.000000s ]
INFO: [ app_init ] --END-- [ RunTime:0.003000s ]

[ 2017-08-26T11:09:43+08:00 ] ::1 /weibo/Index/index.html
INFO: [ app_init ] --START--
INFO: Run Behavior\BuildLiteBehavior [ RunTime:0.001000s ]
INFO: [ app_init ] --END-- [ RunTime:0.002000s ]

[ 2017-08-26T11:09:43+08:00 ] ::1 /weibo/Uploads/2017-08-15/180_59925004e0138.png
INFO: [ app_init ] --START--
INFO: Run Behavior\BuildLiteBehavior [ RunTime:0.000000s ]
INFO: [ app_init ] --END-- [ RunTime:0.003000s ]

[ 2017-08-26T11:09:43+08:00 ] ::1 /weibo/Uploads/2017-08-15/180_59925004e0138.png
INFO: [ app_init ] --START--
INFO: Run Behavior\BuildLiteBehavior [ RunTime:0.000000s ]
INFO: [ app_init ] --END-- [ RunTime:0.003000s ]

[ 2017-08-26T11:09:44+08:00 ] ::1 /weibo/Home/Topic/ajaxCount
INFO: [ app_init ] --START--
INFO: Run Behavior\BuildLiteBehavior [ RunTime:0.000000s ]
INFO: [ app_init ] --END-- [ RunTime:0.002000s ]
INFO: [ app_begin ] --START--
INFO: Run Behavior\ReadHtmlCacheBehavior [ RunTime:0.002000s ]
INFO: [ app_begin ] --END-- [ RunTime:0.005000s ]
SQL: SHOW COLUMNS FROM `weibo_topic` [ RunTime:0.0090s ]
SQL: SELECT COUNT(*) AS tp_count FROM `weibo_topic` WHERE ( 1=1 ) LIMIT 1   [ RunTime:0.0000s ]
INFO: [ app_end ] --START--
INFO: Run Behavior\ShowPageTraceBehavior [ RunTime:0.002000s ]
INFO: [ app_end ] --END-- [ RunTime:0.002000s ]

[ 2017-08-26T11:09:45+08:00 ] ::1 /weibo/Home/Space/setUrl
INFO: [ app_init ] --START--
INFO: Run Behavior\BuildLiteBehavior [ RunTime:0.000000s ]
INFO: [ app_init ] --END-- [ RunTime:0.003000s ]
INFO: [ app_begin ] --START--
INFO: Run Behavior\ReadHtmlCacheBehavior [ RunTime:0.001000s ]
INFO: [ app_begin ] --END-- [ RunTime:0.003000s ]
NOTIC: [8] Use of undefined constant noemail - assumed 'noemail' D:\php\Apache24\htdocs\weibo\ThinkPHP\Common\functions.php 第 588 行.
NOTIC: [8] Use of undefined constant extend - assumed 'extend' D:\php\Apache24\htdocs\weibo\ThinkPHP\Common\functions.php 第 588 行.
SQL: SHOW COLUMNS FROM `weibo_user` [ RunTime:0.0140s ]
SQL: SELECT `id`,`domin` FROM `weibo_user` WHERE `user` = 'root' LIMIT 1   [ RunTime:0.0010s ]
INFO: [ app_end ] --START--
INFO: Run Behavior\ShowPageTraceBehavior [ RunTime:0.002000s ]
INFO: [ app_end ] --END-- [ RunTime:0.003000s ]

[ 2017-08-26T11:09:47+08:00 ] ::1 /weibo/Home/Space/setUrl
INFO: [ app_init ] --START--
INFO: Run Behavior\BuildLiteBehavior [ RunTime:0.000000s ]
INFO: [ app_init ] --END-- [ RunTime:0.003000s ]
INFO: [ app_begin ] --START--
INFO: Run Behavior\ReadHtmlCacheBehavior [ RunTime:0.002000s ]
INFO: [ app_begin ] --END-- [ RunTime:0.004000s ]
NOTIC: [8] Use of undefined constant noemail - assumed 'noemail' D:\php\Apache24\htdocs\weibo\ThinkPHP\Common\functions.php 第 588 行.
NOTIC: [8] Use of undefined constant extend - assumed 'extend' D:\php\Apache24\htdocs\weibo\ThinkPHP\Common\functions.php 第 588 行.
SQL: SHOW COLUMNS FROM `weibo_user` [ RunTime:0.0100s ]
SQL: SELECT `id`,`domin` FROM `weibo_user` WHERE `user` = 'root' LIMIT 1   [ RunTime:0.0010s ]
INFO: [ app_end ] --START--
INFO: Run Behavior\ShowPageTraceBehavior [ RunTime:0.002000s ]
INFO: [ app_end ] --END-- [ RunTime:0.003000s ]

[ 2017-08-26T11:09:50+08:00 ] ::1 /weibo/Setting/refer.html
INFO: [ app_init ] --START--
INFO: Run Behavior\BuildLiteBehavior [ RunTime:0.000000s ]
INFO: [ app_init ] --END-- [ RunTime:0.002000s ]

[ 2017-08-26T11:11:21+08:00 ] ::1 /weibo/Index/index.html
INFO: [ app_init ] --START--
INFO: Run Behavior\BuildLiteBehavior [ RunTime:0.001000s ]
INFO: [ app_init ] --END-- [ RunTime:0.002000s ]

[ 2017-08-26T11:11:22+08:00 ] ::1 /weibo/Uploads/2017-08-15/180_59925004e0138.png
INFO: [ app_init ] --START--
INFO: Run Behavior\BuildLiteBehavior [ RunTime:0.001000s ]
INFO: [ app_init ] --END-- [ RunTime:0.003000s ]

[ 2017-08-26T11:11:22+08:00 ] ::1 /weibo/Uploads/2017-08-15/180_59925004e0138.png
INFO: [ app_init ] --START--
INFO: Run Behavior\BuildLiteBehavior [ RunTime:0.000000s ]
INFO: [ app_init ] --END-- [ RunTime:0.002000s ]

[ 2017-08-26T11:11:23+08:00 ] ::1 /weibo/Home/Topic/ajaxCount
INFO: [ app_init ] --START--
INFO: Run Behavior\BuildLiteBehavior [ RunTime:0.000000s ]
INFO: [ app_init ] --END-- [ RunTime:0.003000s ]
INFO: [ app_begin ] --START--
INFO: Run Behavior\ReadHtmlCacheBehavior [ RunTime:0.002000s ]
INFO: [ app_begin ] --END-- [ RunTime:0.002000s ]
SQL: SHOW COLUMNS FROM `weibo_topic` [ RunTime:0.0110s ]
SQL: SELECT COUNT(*) AS tp_count FROM `weibo_topic` WHERE ( 1=1 ) LIMIT 1   [ RunTime:0.0010s ]
INFO: [ app_end ] --START--
INFO: Run Behavior\ShowPageTraceBehavior [ RunTime:0.002000s ]
INFO: [ app_end ] --END-- [ RunTime:0.003000s ]

[ 2017-08-26T11:11:24+08:00 ] ::1 /weibo/Home/Space/setUrl
INFO: [ app_init ] --START--
INFO: Run Behavior\BuildLiteBehavior [ RunTime:0.000000s ]
INFO: [ app_init ] --END-- [ RunTime:0.001000s ]
INFO: [ app_begin ] --START--
INFO: Run Behavior\ReadHtmlCacheBehavior [ RunTime:0.001000s ]
INFO: [ app_begin ] --END-- [ RunTime:0.001000s ]
NOTIC: [8] Use of undefined constant noemail - assumed 'noemail' D:\php\Apache24\htdocs\weibo\ThinkPHP\Common\functions.php 第 588 行.
NOTIC: [8] Use of undefined constant extend - assumed 'extend' D:\php\Apache24\htdocs\weibo\ThinkPHP\Common\functions.php 第 588 行.
SQL: SHOW COLUMNS FROM `weibo_user` [ RunTime:0.0170s ]
SQL: SELECT `id`,`domin` FROM `weibo_user` WHERE `user` = 'root' LIMIT 1   [ RunTime:0.0010s ]
INFO: [ app_end ] --START--
INFO: Run Behavior\ShowPageTraceBehavior [ RunTime:0.002001s ]
INFO: [ app_end ] --END-- [ RunTime:0.003001s ]

[ 2017-08-26T11:11:25+08:00 ] ::1 /weibo/Home/Space/setUrl
INFO: [ app_init ] --START--
INFO: Run Behavior\BuildLiteBehavior [ RunTime:0.000000s ]
INFO: [ app_init ] --END-- [ RunTime:0.003000s ]
INFO: [ app_begin ] --START--
INFO: Run Behavior\ReadHtmlCacheBehavior [ RunTime:0.002000s ]
INFO: [ app_begin ] --END-- [ RunTime:0.002000s ]
NOTIC: [8] Use of undefined constant noemail - assumed 'noemail' D:\php\Apache24\htdocs\weibo\ThinkPHP\Common\functions.php 第 588 行.
NOTIC: [8] Use of undefined constant extend - assumed 'extend' D:\php\Apache24\htdocs\weibo\ThinkPHP\Common\functions.php 第 588 行.
SQL: SHOW COLUMNS FROM `weibo_user` [ RunTime:0.0130s ]
SQL: SELECT `id`,`domin` FROM `weibo_user` WHERE `user` = 'root' LIMIT 1   [ RunTime:0.0010s ]
INFO: [ app_end ] --START--
INFO: Run Behavior\ShowPageTraceBehavior [ RunTime:0.003000s ]
INFO: [ app_end ] --END-- [ RunTime:0.003000s ]

